2014-07-30 15:24:26,793 DEBUG    root            Metrics started...
2014-07-30 15:24:26,798 DEBUG    root            Running gcloud.auth.login with _Args({'account': None,
 'do_not_activate': False,
 'force': False,
 'format': None,
 'h': None,
 'help': None,
 'launch_browser': True,
 'project': None,
 'quiet': None,
 'shell': None,
 'user_output_enabled': None,
 'verbosity': None}).
2014-07-30 15:24:26,827 INFO     ___FILE_ONLY___ Your browser has been opened to visit:

    https://accounts.google.com/o/oauth2/auth?redirect_uri=http%3A%2F%2Flocalhost%3A8085%2F&prompt=select_account&response_type=code&client_id=32555940559.apps.googleusercontent.com&scope=https%3A%2F%2Fwww.googleapis.com%2Fauth%2Fappengine.admin+https%3A%2F%2Fwww.googleapis.com%2Fauth%2Fbigquery+https%3A%2F%2Fwww.googleapis.com%2Fauth%2Fcompute+https%3A%2F%2Fwww.googleapis.com%2Fauth%2Fdevstorage.full_control+https%3A%2F%2Fwww.googleapis.com%2Fauth%2Fuserinfo.email+https%3A%2F%2Fwww.googleapis.com%2Fauth%2Fndev.cloudman+https%3A%2F%2Fwww.googleapis.com%2Fauth%2Fcloud-platform+https%3A%2F%2Fwww.googleapis.com%2Fauth%2Fsqlservice.admin+https%3A%2F%2Fwww.googleapis.com%2Fauth%2Fprediction+https%3A%2F%2Fwww.googleapis.com%2Fauth%2Fprojecthosting&access_type=offline


2014-07-30 15:24:26,849 DEBUG    root            Sent event: Event(category='Executions', action='gcloud', label=u'2014.07.25', value=0)
2014-07-30 15:24:26,891 DEBUG    root            Sent event: Event(category='Commands', action='gcloud.auth.login', label='unknown', value=0)
2014-07-30 15:24:34,287 INFO     oauth2client.client Successfully retrieved access token
2014-07-30 15:24:34,299 DEBUG    oauth2client.multistore_file Initializing empty multistore file
2014-07-30 15:24:34,303 INFO     ___FILE_ONLY___ 
You are now logged in as [fooochi@gmail.com].
Your current project is [dulcet-day-656].  You can change this setting by running:
  $ gcloud config set project <project>

2014-07-30 15:24:34,308 DEBUG    root            Shutting down metrics...
